sudo bash install-photobooth.sh --username='birdr' --mjpeg --silent



                    @@@@@@@@@@@@@@@@@@@
                   @@.               .@@
     %@@@@@@.     @@     @@@@@@@@@     @@
    @@@    @@*   @@.                   .@@
  &@@@@@@@@@@@@@@@@@@@@@@@@@@@@@@@@@@@@@@@@@@@@@@@@@@@@@&
@@@%%%%%%%%%%%%%%%%%%%%%%%%%%%%%%%%%%%%%%%%%%%%%%%%%%%%%@@@
@@                                                       @@
@@                     @@@@@@@@@@@@@.        *@@  @@@@@  @@
@@                  @@@@           @@@@                  @@
@@@@@@@@@@@@@@@@@@@@@    #@@@@@@@#    @@@@@@@@@@@@@@@@@@@@@
@@              @@@   @@@@(     (@@@@   @@@              @@
@@             &@@  .@@%           %@@.  @@&             @@
@@             @@   @@               @@   @@             @@
@@            %@@  @@*               /@@  @@%            @@
@@            @@%  @@                 @@  %@@            @@
@@            *@@  @@&               &@@  @@*            @@
@@             @@   @@*             *@@   @@             @@
@@              @@   @@@           @@@   @@              @@
@@%%%%%%%%%%%%%%%@@%   @@@@@&%&@@@@@   %@@%%%%%%%%%%%%%%%@@
@@@@@@@@@@@@@@@@@@@@@@     *&@&*     @@@@@@@@@@@@@@@@@@@@@@
@@                  ,@@@@&       &@@@@,                  @@
@@                      (@@@@@@@@@(                      @@
@@                                                       @@
@@@@@@@@@@@@@@@@@@@@@@@@@@@@@@@@@@@@@@@@@@@@@@@@@@@@@@@@@@@


###########################################################

### The Photobooth installer for your Raspberry Pi.

###########################################################

################## Passed options #########################

### Username: birdr
### Mjpeg mode enabled
### Silent installtion starting...

###########################################################

[Info]      Checking if user birdr exists...
[Info]      User birdr found. Installation process continues.

###########################################################

WARNING: This script is intended to run on a Raspberry Pi.
Running the script on other devices running Debian / a Debian based distribution is possible, but Raspberry Pi specific features will be missing!

###########################################################

### Checking internet connection...
    connected!
### Is Photobooth the only website on this system?
### NOTE: If typing y, the whole /var/www/html folder will be renamed

### We will install Photobooth into /var/www/html.

###########################################################

### You probably like to use a printer.

### We will install CUPS if not installed already.

###########################################################

### By default CUPS can only be accessed via localhost.

### We won't allow remote access to CUPS over IP from all devices inside your network.

###########################################################

### You might need some additional drivers to use the print function.
### You like to install a collection of free-software printer drivers

### We will install Gutenprint drivers if not installed already.

###########################################################

### No supported webbrowser found!

###########################################################

### Sync to USB - this feature will automatically copy (sync) new pictures to a USB stick.
### The actual configuration will be done in the admin panel but we need to setup your OS first.

### We will setup your OS to be able to use the USB sync file backup.
### Note: automount can only be avoided on Pi OS.

###########################################################

### You seem to be installing photobooth inside of wsl.
Do you want to install a service to be able to stream your camera via http
### (needed for preview from gphoto2)? Your camera must be supported by gphoto2 for liveview.
### We will install a service to set up a mjpeg stream for gphoto2.

###########################################################

### Starting installation...

###########################################################

### Updating the system
PPA publishes dbgsym, you may need to include 'main/debug' component
Repository: 'deb https://ppa.launchpadcontent.net/ondrej/php/ubuntu/ jammy main'
Description:
Co-installable PHP versions: PHP 5.6, PHP 7.x, PHP 8.x and most requested extensions are included. Only Supported Versions of PHP (http://php.net/supported-versions.php) for Supported Ubuntu Releases (https://wiki.ubuntu.com/Releases) are provided. Don't ask for end-of-life PHP versions or Ubuntu release, they won't be provided.

Debian oldstable and stable packages are provided as well: https://deb.sury.org/#debian-dpa

You can get more information about the packages at https://deb.sury.org

IMPORTANT: The <foo>-backports is now required on older Ubuntu releases.

BUGS&FEATURES: This PPA now has a issue tracker:
https://deb.sury.org/#bug-reporting

CAVEATS:
1. If you are using php-gearman, you need to add ppa:ondrej/pkg-gearman
2. If you are using apache2, you are advised to add ppa:ondrej/apache2
3. If you are using nginx, you are advised to add ppa:ondrej/nginx-mainline
   or ppa:ondrej/nginx

PLEASE READ: If you like my work and want to give me a little motivation, please consider donating regularly: https://donate.sury.org/

WARNING: add-apt-repository is broken with non-UTF-8 locales, see
https://github.com/oerdnj/deb.sury.org/issues/56 for workaround:

# LC_ALL=C.UTF-8 add-apt-repository ppa:ondrej/php
More info: https://launchpad.net/~ondrej/+archive/ubuntu/php
Adding repository.
Found existing deb entry in /etc/apt/sources.list.d/ondrej-ubuntu-php-jammy.list
Adding deb entry to /etc/apt/sources.list.d/ondrej-ubuntu-php-jammy.list
Found existing deb-src entry in /etc/apt/sources.list.d/ondrej-ubuntu-php-jammy.list
Adding disabled deb-src entry to /etc/apt/sources.list.d/ondrej-ubuntu-php-jammy.list
Adding key to /etc/apt/trusted.gpg.d/ondrej-ubuntu-php.gpg with fingerprint 14AA40EC0831756756D7F66C4F4EA0AAE5267A6C
Hit:1 http://archive.ubuntu.com/ubuntu jammy InRelease
Hit:2 http://security.ubuntu.com/ubuntu jammy-security InRelease
Hit:3 http://archive.ubuntu.com/ubuntu jammy-updates InRelease
Hit:4 http://archive.ubuntu.com/ubuntu jammy-backports InRelease
Hit:5 https://ppa.launchpadcontent.net/ondrej/php/ubuntu jammy InRelease
Reading package lists... Done
### Photobooth needs some software to run.
### Installing Apache Webserver...
Synchronizing state of apache2.service with SysV service script with /lib/systemd/systemd-sysv-install.
Executing: /lib/systemd/systemd-sysv-install enable apache2
### Installing common software:
[Required]  curl
[Required]  gcc
[Required]  g++
[Required]  make
[Required]  cups
[Required]  printer-driver-gutenprint
[Required]  git
[Required]  gphoto2
[Required]  libimage-exiftool-perl
[Required]  nodejs
[Required]  php8.3-gd
[Required]  php8.3-xml
[Required]  php8.3-zip
[Required]  php8.3-mbstring
[Required]  python3
[Required]  rsync
[Required]  udisks2
[Package]   curl installed already
[Package]   Installing missing common package: gcc
Extracting templates from packages: 100%
Preconfiguring packages ...
(Reading database ... 25104 files and directories currently installed.)
Preparing to unpack .../libc6_2.35-0ubuntu3.8_amd64.deb ...
Unpacking libc6:amd64 (2.35-0ubuntu3.8) over (2.35-0ubuntu3.4) ...
Setting up libc6:amd64 (2.35-0ubuntu3.8) ...
Selecting previously unselected package gcc-11-base:amd64.
(Reading database ... 25104 files and directories currently installed.)
Preparing to unpack .../00-gcc-11-base_11.4.0-1ubuntu1~22.04_amd64.deb ...
Unpacking gcc-11-base:amd64 (11.4.0-1ubuntu1~22.04) ...
Selecting previously unselected package libisl23:amd64.
Preparing to unpack .../01-libisl23_0.24-2build1_amd64.deb ...
Unpacking libisl23:amd64 (0.24-2build1) ...
Selecting previously unselected package libmpc3:amd64.
Preparing to unpack .../02-libmpc3_1.2.1-2build1_amd64.deb ...
Unpacking libmpc3:amd64 (1.2.1-2build1) ...
Selecting previously unselected package cpp-11.
Preparing to unpack .../03-cpp-11_11.4.0-1ubuntu1~22.04_amd64.deb ...
Unpacking cpp-11 (11.4.0-1ubuntu1~22.04) ...
Selecting previously unselected package cpp.
Preparing to unpack .../04-cpp_4%3a11.2.0-1ubuntu1_amd64.deb ...
Unpacking cpp (4:11.2.0-1ubuntu1) ...
Selecting previously unselected package fonts-dejavu-core.
Preparing to unpack .../05-fonts-dejavu-core_2.37-2build1_all.deb ...
Unpacking fonts-dejavu-core (2.37-2build1) ...
Selecting previously unselected package fontconfig-config.
Preparing to unpack .../06-fontconfig-config_2.13.1-4.2ubuntu5_all.deb ...
Unpacking fontconfig-config (2.13.1-4.2ubuntu5) ...
Selecting previously unselected package libcc1-0:amd64.
Preparing to unpack .../07-libcc1-0_12.3.0-1ubuntu1~22.04_amd64.deb ...
Unpacking libcc1-0:amd64 (12.3.0-1ubuntu1~22.04) ...
Selecting previously unselected package libgomp1:amd64.
Preparing to unpack .../08-libgomp1_12.3.0-1ubuntu1~22.04_amd64.deb ...
Unpacking libgomp1:amd64 (12.3.0-1ubuntu1~22.04) ...
Selecting previously unselected package libitm1:amd64.
Preparing to unpack .../09-libitm1_12.3.0-1ubuntu1~22.04_amd64.deb ...
Unpacking libitm1:amd64 (12.3.0-1ubuntu1~22.04) ...
Selecting previously unselected package libatomic1:amd64.
Preparing to unpack .../10-libatomic1_12.3.0-1ubuntu1~22.04_amd64.deb ...
Unpacking libatomic1:amd64 (12.3.0-1ubuntu1~22.04) ...
Selecting previously unselected package libasan6:amd64.
Preparing to unpack .../11-libasan6_11.4.0-1ubuntu1~22.04_amd64.deb ...
Unpacking libasan6:amd64 (11.4.0-1ubuntu1~22.04) ...
Selecting previously unselected package liblsan0:amd64.
Preparing to unpack .../12-liblsan0_12.3.0-1ubuntu1~22.04_amd64.deb ...
Unpacking liblsan0:amd64 (12.3.0-1ubuntu1~22.04) ...
Selecting previously unselected package libtsan0:amd64.
Preparing to unpack .../13-libtsan0_11.4.0-1ubuntu1~22.04_amd64.deb ...
Unpacking libtsan0:amd64 (11.4.0-1ubuntu1~22.04) ...
Selecting previously unselected package libubsan1:amd64.
Preparing to unpack .../14-libubsan1_12.3.0-1ubuntu1~22.04_amd64.deb ...
Unpacking libubsan1:amd64 (12.3.0-1ubuntu1~22.04) ...
Selecting previously unselected package libquadmath0:amd64.
Preparing to unpack .../15-libquadmath0_12.3.0-1ubuntu1~22.04_amd64.deb ...
Unpacking libquadmath0:amd64 (12.3.0-1ubuntu1~22.04) ...
Selecting previously unselected package libgcc-11-dev:amd64.
Preparing to unpack .../16-libgcc-11-dev_11.4.0-1ubuntu1~22.04_amd64.deb ...
Unpacking libgcc-11-dev:amd64 (11.4.0-1ubuntu1~22.04) ...
Selecting previously unselected package gcc-11.
Preparing to unpack .../17-gcc-11_11.4.0-1ubuntu1~22.04_amd64.deb ...
Unpacking gcc-11 (11.4.0-1ubuntu1~22.04) ...
Selecting previously unselected package gcc.
Preparing to unpack .../18-gcc_4%3a11.2.0-1ubuntu1_amd64.deb ...
Unpacking gcc (4:11.2.0-1ubuntu1) ...
Selecting previously unselected package libabsl20210324:amd64.
Preparing to unpack .../19-libabsl20210324_0~20210324.2-2_amd64.deb ...
Unpacking libabsl20210324:amd64 (0~20210324.2-2) ...
Selecting previously unselected package libaom3:amd64.
Preparing to unpack .../20-libaom3_3.3.0-1_amd64.deb ...
Unpacking libaom3:amd64 (3.3.0-1) ...
Selecting previously unselected package libdav1d5:amd64.
Preparing to unpack .../21-libdav1d5_0.9.2-1_amd64.deb ...
Unpacking libdav1d5:amd64 (0.9.2-1) ...
Selecting previously unselected package libgav1-0:amd64.
Preparing to unpack .../22-libgav1-0_0.17.0-1build1_amd64.deb ...
Unpacking libgav1-0:amd64 (0.17.0-1build1) ...
Selecting previously unselected package libjpeg-turbo8:amd64.
Preparing to unpack .../23-libjpeg-turbo8_2.1.2-0ubuntu1_amd64.deb ...
Unpacking libjpeg-turbo8:amd64 (2.1.2-0ubuntu1) ...
Selecting previously unselected package libjpeg8:amd64.
Preparing to unpack .../24-libjpeg8_8c-2ubuntu10_amd64.deb ...
Unpacking libjpeg8:amd64 (8c-2ubuntu10) ...
Selecting previously unselected package libyuv0:amd64.
Preparing to unpack .../25-libyuv0_0.0~git20220104.b91df1a-2_amd64.deb ...
Unpacking libyuv0:amd64 (0.0~git20220104.b91df1a-2) ...
Selecting previously unselected package libavif13:amd64.
Preparing to unpack .../26-libavif13_0.9.3-3_amd64.deb ...
Unpacking libavif13:amd64 (0.9.3-3) ...
Selecting previously unselected package libc-dev-bin.
Preparing to unpack .../27-libc-dev-bin_2.35-0ubuntu3.8_amd64.deb ...
Unpacking libc-dev-bin (2.35-0ubuntu3.8) ...
Selecting previously unselected package libfreetype6:amd64.
Preparing to unpack .../28-libfreetype6_2.11.1+dfsg-1ubuntu0.2_amd64.deb ...
Unpacking libfreetype6:amd64 (2.11.1+dfsg-1ubuntu0.2) ...
Selecting previously unselected package libfontconfig1:amd64.
Preparing to unpack .../29-libfontconfig1_2.13.1-4.2ubuntu5_amd64.deb ...
Unpacking libfontconfig1:amd64 (2.13.1-4.2ubuntu5) ...
Selecting previously unselected package libde265-0:amd64.
Preparing to unpack .../30-libde265-0_1.0.8-1ubuntu0.3_amd64.deb ...
Unpacking libde265-0:amd64 (1.0.8-1ubuntu0.3) ...
Selecting previously unselected package libx265-199:amd64.
Preparing to unpack .../31-libx265-199_3.5-2_amd64.deb ...
Unpacking libx265-199:amd64 (3.5-2) ...
Selecting previously unselected package libheif1:amd64.
Preparing to unpack .../32-libheif1_1.12.0-2build1_amd64.deb ...
Unpacking libheif1:amd64 (1.12.0-2build1) ...
Selecting previously unselected package libdeflate0:amd64.
Preparing to unpack .../33-libdeflate0_1.10-2_amd64.deb ...
Unpacking libdeflate0:amd64 (1.10-2) ...
Selecting previously unselected package libjbig0:amd64.
Preparing to unpack .../34-libjbig0_2.1-3.1ubuntu0.22.04.1_amd64.deb ...
Unpacking libjbig0:amd64 (2.1-3.1ubuntu0.22.04.1) ...
Selecting previously unselected package libwebp7:amd64.
Preparing to unpack .../35-libwebp7_1.2.2-2ubuntu0.22.04.2_amd64.deb ...
Unpacking libwebp7:amd64 (1.2.2-2ubuntu0.22.04.2) ...
Selecting previously unselected package libtiff5:amd64.
Preparing to unpack .../36-libtiff5_4.3.0-6ubuntu0.8_amd64.deb ...
Unpacking libtiff5:amd64 (4.3.0-6ubuntu0.8) ...
Selecting previously unselected package libxpm4:amd64.
Preparing to unpack .../37-libxpm4_1%3a3.5.12-1ubuntu0.22.04.2_amd64.deb ...
Unpacking libxpm4:amd64 (1:3.5.12-1ubuntu0.22.04.2) ...
Selecting previously unselected package libgd3:amd64.
Preparing to unpack .../38-libgd3_2.3.3-9+ubuntu22.04.1+deb.sury.org+1_amd64.deb ...
Unpacking libgd3:amd64 (2.3.3-9+ubuntu22.04.1+deb.sury.org+1) ...
Selecting previously unselected package libc-devtools.
Preparing to unpack .../39-libc-devtools_2.35-0ubuntu3.8_amd64.deb ...
Unpacking libc-devtools (2.35-0ubuntu3.8) ...
Selecting previously unselected package linux-libc-dev:amd64.
Preparing to unpack .../40-linux-libc-dev_5.15.0-107.117_amd64.deb ...
Unpacking linux-libc-dev:amd64 (5.15.0-107.117) ...
Selecting previously unselected package libcrypt-dev:amd64.
Preparing to unpack .../41-libcrypt-dev_1%3a4.4.27-1_amd64.deb ...
Unpacking libcrypt-dev:amd64 (1:4.4.27-1) ...
Selecting previously unselected package rpcsvc-proto.
Preparing to unpack .../42-rpcsvc-proto_1.4.2-0ubuntu6_amd64.deb ...
Unpacking rpcsvc-proto (1.4.2-0ubuntu6) ...
Selecting previously unselected package libtirpc-dev:amd64.
Preparing to unpack .../43-libtirpc-dev_1.3.2-2ubuntu0.1_amd64.deb ...
Unpacking libtirpc-dev:amd64 (1.3.2-2ubuntu0.1) ...
Selecting previously unselected package libnsl-dev:amd64.
Preparing to unpack .../44-libnsl-dev_1.3.0-2build2_amd64.deb ...
Unpacking libnsl-dev:amd64 (1.3.0-2build2) ...
Selecting previously unselected package libc6-dev:amd64.
Preparing to unpack .../45-libc6-dev_2.35-0ubuntu3.8_amd64.deb ...
Unpacking libc6-dev:amd64 (2.35-0ubuntu3.8) ...
Selecting previously unselected package manpages-dev.
Preparing to unpack .../46-manpages-dev_5.10-1ubuntu1_all.deb ...
Unpacking manpages-dev (5.10-1ubuntu1) ...
Setting up gcc-11-base:amd64 (11.4.0-1ubuntu1~22.04) ...
Setting up libaom3:amd64 (3.3.0-1) ...
Setting up manpages-dev (5.10-1ubuntu1) ...
Setting up libxpm4:amd64 (1:3.5.12-1ubuntu0.22.04.2) ...
Setting up libdeflate0:amd64 (1.10-2) ...
Setting up linux-libc-dev:amd64 (5.15.0-107.117) ...
Setting up libgomp1:amd64 (12.3.0-1ubuntu1~22.04) ...
Setting up libjbig0:amd64 (2.1-3.1ubuntu0.22.04.1) ...
Setting up libasan6:amd64 (11.4.0-1ubuntu1~22.04) ...
Setting up libtirpc-dev:amd64 (1.3.2-2ubuntu0.1) ...
Setting up rpcsvc-proto (1.4.2-0ubuntu6) ...
Setting up libfreetype6:amd64 (2.11.1+dfsg-1ubuntu0.2) ...
Setting up libquadmath0:amd64 (12.3.0-1ubuntu1~22.04) ...
Setting up libmpc3:amd64 (1.2.1-2build1) ...
Setting up libatomic1:amd64 (12.3.0-1ubuntu1~22.04) ...
Setting up fonts-dejavu-core (2.37-2build1) ...
Setting up libabsl20210324:amd64 (0~20210324.2-2) ...
Setting up libjpeg-turbo8:amd64 (2.1.2-0ubuntu1) ...
Setting up libx265-199:amd64 (3.5-2) ...
Setting up libwebp7:amd64 (1.2.2-2ubuntu0.22.04.2) ...
Setting up libubsan1:amd64 (12.3.0-1ubuntu1~22.04) ...
Setting up libnsl-dev:amd64 (1.3.0-2build2) ...
Setting up libcrypt-dev:amd64 (1:4.4.27-1) ...
Setting up libdav1d5:amd64 (0.9.2-1) ...
Setting up libisl23:amd64 (0.24-2build1) ...
Setting up libde265-0:amd64 (1.0.8-1ubuntu0.3) ...
Setting up libc-dev-bin (2.35-0ubuntu3.8) ...
Setting up libcc1-0:amd64 (12.3.0-1ubuntu1~22.04) ...
Setting up liblsan0:amd64 (12.3.0-1ubuntu1~22.04) ...
Setting up libitm1:amd64 (12.3.0-1ubuntu1~22.04) ...
Setting up libtsan0:amd64 (11.4.0-1ubuntu1~22.04) ...
Setting up libjpeg8:amd64 (8c-2ubuntu10) ...
Setting up cpp-11 (11.4.0-1ubuntu1~22.04) ...
Setting up fontconfig-config (2.13.1-4.2ubuntu5) ...
Setting up libheif1:amd64 (1.12.0-2build1) ...
Setting up libgav1-0:amd64 (0.17.0-1build1) ...
Setting up libgcc-11-dev:amd64 (11.4.0-1ubuntu1~22.04) ...
Setting up gcc-11 (11.4.0-1ubuntu1~22.04) ...
Setting up cpp (4:11.2.0-1ubuntu1) ...
Setting up libc6-dev:amd64 (2.35-0ubuntu3.8) ...
Setting up libtiff5:amd64 (4.3.0-6ubuntu0.8) ...
Setting up libfontconfig1:amd64 (2.13.1-4.2ubuntu5) ...
Setting up libyuv0:amd64 (0.0~git20220104.b91df1a-2) ...
Setting up gcc (4:11.2.0-1ubuntu1) ...
Setting up libavif13:amd64 (0.9.3-3) ...
Setting up libgd3:amd64 (2.3.3-9+ubuntu22.04.1+deb.sury.org+1) ...
Setting up libc-devtools (2.35-0ubuntu3.8) ...
Processing triggers for man-db (2.10.2-1) ...
Processing triggers for libc-bin (2.35-0ubuntu3.4) ...
[Package]   Installing missing common package: g++
Selecting previously unselected package libstdc++-11-dev:amd64.
(Reading database ... 29582 files and directories currently installed.)
Preparing to unpack .../libstdc++-11-dev_11.4.0-1ubuntu1~22.04_amd64.deb ...
Unpacking libstdc++-11-dev:amd64 (11.4.0-1ubuntu1~22.04) ...
Selecting previously unselected package g++-11.
Preparing to unpack .../g++-11_11.4.0-1ubuntu1~22.04_amd64.deb ...
Unpacking g++-11 (11.4.0-1ubuntu1~22.04) ...
Selecting previously unselected package g++.
Preparing to unpack .../g++_4%3a11.2.0-1ubuntu1_amd64.deb ...
Unpacking g++ (4:11.2.0-1ubuntu1) ...
Setting up libstdc++-11-dev:amd64 (11.4.0-1ubuntu1~22.04) ...
Setting up g++-11 (11.4.0-1ubuntu1~22.04) ...
Setting up g++ (4:11.2.0-1ubuntu1) ...
update-alternatives: using /usr/bin/g++ to provide /usr/bin/c++ (c++) in auto mode
Processing triggers for man-db (2.10.2-1) ...
[Package]   Installing missing common package: make
Selecting previously unselected package make.
(Reading database ... 30442 files and directories currently installed.)
Preparing to unpack .../make_4.3-4.1build1_amd64.deb ...
Unpacking make (4.3-4.1build1) ...
Setting up make (4.3-4.1build1) ...
Processing triggers for man-db (2.10.2-1) ...
[Package]   Installing missing common package: cups
Extracting templates from packages: 100%
Preconfiguring packages ...
Selecting previously unselected package libavahi-common-data:amd64.
(Reading database ... 30460 files and directories currently installed.)
Preparing to unpack .../00-libavahi-common-data_0.8-5ubuntu5.2_amd64.deb ...
Unpacking libavahi-common-data:amd64 (0.8-5ubuntu5.2) ...
Selecting previously unselected package libavahi-common3:amd64.
Preparing to unpack .../01-libavahi-common3_0.8-5ubuntu5.2_amd64.deb ...
Unpacking libavahi-common3:amd64 (0.8-5ubuntu5.2) ...
Selecting previously unselected package libavahi-core7:amd64.
Preparing to unpack .../02-libavahi-core7_0.8-5ubuntu5.2_amd64.deb ...
Unpacking libavahi-core7:amd64 (0.8-5ubuntu5.2) ...
Selecting previously unselected package libdaemon0:amd64.
Preparing to unpack .../03-libdaemon0_0.14-7.1ubuntu3_amd64.deb ...
Unpacking libdaemon0:amd64 (0.14-7.1ubuntu3) ...
Selecting previously unselected package avahi-daemon.
Preparing to unpack .../04-avahi-daemon_0.8-5ubuntu5.2_amd64.deb ...
Unpacking avahi-daemon (0.8-5ubuntu5.2) ...
Selecting previously unselected package bc.
Preparing to unpack .../05-bc_1.07.1-3build1_amd64.deb ...
Unpacking bc (1.07.1-3build1) ...
Selecting previously unselected package libavahi-client3:amd64.
Preparing to unpack .../06-libavahi-client3_0.8-5ubuntu5.2_amd64.deb ...
Unpacking libavahi-client3:amd64 (0.8-5ubuntu5.2) ...
Selecting previously unselected package libcups2:amd64.
Preparing to unpack .../07-libcups2_2.4.1op1-1ubuntu4.8_amd64.deb ...
Unpacking libcups2:amd64 (2.4.1op1-1ubuntu4.8) ...
Selecting previously unselected package libpaper1:amd64.
Preparing to unpack .../08-libpaper1_1.1.28build2_amd64.deb ...
Unpacking libpaper1:amd64 (1.1.28build2) ...
Selecting previously unselected package libjson-glib-1.0-common.
Preparing to unpack .../09-libjson-glib-1.0-common_1.6.6-1build1_all.deb ...
Unpacking libjson-glib-1.0-common (1.6.6-1build1) ...
Selecting previously unselected package libjson-glib-1.0-0:amd64.
Preparing to unpack .../10-libjson-glib-1.0-0_1.6.6-1build1_amd64.deb ...
Unpacking libjson-glib-1.0-0:amd64 (1.6.6-1build1) ...
Selecting previously unselected package libproxy1v5:amd64.
Preparing to unpack .../11-libproxy1v5_0.4.17-2_amd64.deb ...
Unpacking libproxy1v5:amd64 (0.4.17-2) ...
Selecting previously unselected package glib-networking-common.
Preparing to unpack .../12-glib-networking-common_2.72.0-1_all.deb ...
Unpacking glib-networking-common (2.72.0-1) ...
Selecting previously unselected package glib-networking-services.
Preparing to unpack .../13-glib-networking-services_2.72.0-1_amd64.deb ...
Unpacking glib-networking-services (2.72.0-1) ...
Selecting previously unselected package libdconf1:amd64.
Preparing to unpack .../14-libdconf1_0.40.0-3_amd64.deb ...
Unpacking libdconf1:amd64 (0.40.0-3) ...
Selecting previously unselected package dconf-service.
Preparing to unpack .../15-dconf-service_0.40.0-3_amd64.deb ...
Unpacking dconf-service (0.40.0-3) ...
Selecting previously unselected package dconf-gsettings-backend:amd64.
Preparing to unpack .../16-dconf-gsettings-backend_0.40.0-3_amd64.deb ...
Unpacking dconf-gsettings-backend:amd64 (0.40.0-3) ...
Selecting previously unselected package session-migration.
Preparing to unpack .../17-session-migration_0.3.6_amd64.deb ...
Unpacking session-migration (0.3.6) ...
Selecting previously unselected package gsettings-desktop-schemas.
Preparing to unpack .../18-gsettings-desktop-schemas_42.0-1ubuntu1_all.deb ...
Unpacking gsettings-desktop-schemas (42.0-1ubuntu1) ...
Selecting previously unselected package glib-networking:amd64.
Preparing to unpack .../19-glib-networking_2.72.0-1_amd64.deb ...
Unpacking glib-networking:amd64 (2.72.0-1) ...
Selecting previously unselected package libsoup2.4-common.
Preparing to unpack .../20-libsoup2.4-common_2.74.2-3_all.deb ...
Unpacking libsoup2.4-common (2.74.2-3) ...
Selecting previously unselected package libsoup2.4-1:amd64.
Preparing to unpack .../21-libsoup2.4-1_2.74.2-3_amd64.deb ...
Unpacking libsoup2.4-1:amd64 (2.74.2-3) ...
Selecting previously unselected package libsnapd-glib1:amd64.
Preparing to unpack .../22-libsnapd-glib1_1.60-0ubuntu1_amd64.deb ...
Unpacking libsnapd-glib1:amd64 (1.60-0ubuntu1) ...
Selecting previously unselected package cups-daemon.
Preparing to unpack .../23-cups-daemon_2.4.1op1-1ubuntu4.8_amd64.deb ...
Unpacking cups-daemon (2.4.1op1-1ubuntu4.8) ...
Selecting previously unselected package libavahi-glib1:amd64.
Preparing to unpack .../24-libavahi-glib1_0.8-5ubuntu5.2_amd64.deb ...
Unpacking libavahi-glib1:amd64 (0.8-5ubuntu5.2) ...
Selecting previously unselected package libcupsfilters1:amd64.
Preparing to unpack .../25-libcupsfilters1_1.28.15-0ubuntu1.2_amd64.deb ...
Unpacking libcupsfilters1:amd64 (1.28.15-0ubuntu1.2) ...
Selecting previously unselected package cups-browsed.
Preparing to unpack .../26-cups-browsed_1.28.15-0ubuntu1.2_amd64.deb ...
Unpacking cups-browsed (1.28.15-0ubuntu1.2) ...
Selecting previously unselected package fonts-droid-fallback.
Preparing to unpack .../27-fonts-droid-fallback_1%3a6.0.1r16-1.1build1_all.deb ...
Unpacking fonts-droid-fallback (1:6.0.1r16-1.1build1) ...
Selecting previously unselected package libsane-common.
Preparing to unpack .../28-libsane-common_1.1.1-5_all.deb ...
Unpacking libsane-common (1.1.1-5) ...
Selecting previously unselected package poppler-data.
Preparing to unpack .../29-poppler-data_0.4.11-1_all.deb ...
Unpacking poppler-data (0.4.11-1) ...
Selecting previously unselected package update-inetd.
Preparing to unpack .../30-update-inetd_4.51_all.deb ...
Unpacking update-inetd (4.51) ...
Selecting previously unselected package libieee1284-3:amd64.
Preparing to unpack .../31-libieee1284-3_0.2.11-14build2_amd64.deb ...
Unpacking libieee1284-3:amd64 (0.2.11-14build2) ...
Selecting previously unselected package acl.
Preparing to unpack .../32-acl_2.3.1-1_amd64.deb ...
Unpacking acl (2.3.1-1) ...
Selecting previously unselected package libpixman-1-0:amd64.
Preparing to unpack .../33-libpixman-1-0_0.40.0-1ubuntu0.22.04.1_amd64.deb ...
Unpacking libpixman-1-0:amd64 (0.40.0-1ubuntu0.22.04.1) ...
Selecting previously unselected package libxcb-render0:amd64.
Preparing to unpack .../34-libxcb-render0_1.14-3ubuntu3_amd64.deb ...
Unpacking libxcb-render0:amd64 (1.14-3ubuntu3) ...
Selecting previously unselected package libxcb-shm0:amd64.
Preparing to unpack .../35-libxcb-shm0_1.14-3ubuntu3_amd64.deb ...
Unpacking libxcb-shm0:amd64 (1.14-3ubuntu3) ...
Selecting previously unselected package libxrender1:amd64.
Preparing to unpack .../36-libxrender1_1%3a0.9.10-1build4_amd64.deb ...
Unpacking libxrender1:amd64 (1:0.9.10-1build4) ...
Selecting previously unselected package libcairo2:amd64.
Preparing to unpack .../37-libcairo2_1.16.0-5ubuntu2_amd64.deb ...
Unpacking libcairo2:amd64 (1.16.0-5ubuntu2) ...
Selecting previously unselected package libexif12:amd64.
Preparing to unpack .../38-libexif12_0.6.24-1build1_amd64.deb ...
Unpacking libexif12:amd64 (0.6.24-1build1) ...
Selecting previously unselected package libltdl7:amd64.
Preparing to unpack .../39-libltdl7_2.4.6-15build2_amd64.deb ...
Unpacking libltdl7:amd64 (2.4.6-15build2) ...
Selecting previously unselected package libgphoto2-port12:amd64.
Preparing to unpack .../40-libgphoto2-port12_2.5.27-1build2_amd64.deb ...
Unpacking libgphoto2-port12:amd64 (2.5.27-1build2) ...
Selecting previously unselected package libgphoto2-6:amd64.
Preparing to unpack .../41-libgphoto2-6_2.5.27-1build2_amd64.deb ...
Unpacking libgphoto2-6:amd64 (2.5.27-1build2) ...
Selecting previously unselected package liblcms2-2:amd64.
Preparing to unpack .../42-liblcms2-2_2.12~rc1-2build2_amd64.deb ...
Unpacking liblcms2-2:amd64 (2.12~rc1-2build2) ...
Selecting previously unselected package libnspr4:amd64.
Preparing to unpack .../43-libnspr4_2%3a4.35-0ubuntu0.22.04.1_amd64.deb ...
Unpacking libnspr4:amd64 (2:4.35-0ubuntu0.22.04.1) ...
Selecting previously unselected package libnss3:amd64.
Preparing to unpack .../44-libnss3_2%3a3.98-0ubuntu0.22.04.2_amd64.deb ...
Unpacking libnss3:amd64 (2:3.98-0ubuntu0.22.04.2) ...
Selecting previously unselected package libopenjp2-7:amd64.
Preparing to unpack .../45-libopenjp2-7_2.4.0-6_amd64.deb ...
Unpacking libopenjp2-7:amd64 (2.4.0-6) ...
Selecting previously unselected package libpoppler118:amd64.
Preparing to unpack .../46-libpoppler118_22.02.0-2ubuntu0.4_amd64.deb ...
Unpacking libpoppler118:amd64 (22.02.0-2ubuntu0.4) ...
Selecting previously unselected package libpoppler-glib8:amd64.
Preparing to unpack .../47-libpoppler-glib8_22.02.0-2ubuntu0.4_amd64.deb ...
Unpacking libpoppler-glib8:amd64 (22.02.0-2ubuntu0.4) ...
Selecting previously unselected package libsensors-config.
Preparing to unpack .../48-libsensors-config_1%3a3.6.0-7ubuntu1_all.deb ...
Unpacking libsensors-config (1:3.6.0-7ubuntu1) ...
Selecting previously unselected package libsensors5:amd64.
Preparing to unpack .../49-libsensors5_1%3a3.6.0-7ubuntu1_amd64.deb ...
Unpacking libsensors5:amd64 (1:3.6.0-7ubuntu1) ...
Selecting previously unselected package libwrap0:amd64.
Preparing to unpack .../50-libwrap0_7.6.q-31build2_amd64.deb ...
Unpacking libwrap0:amd64 (7.6.q-31build2) ...
Selecting previously unselected package libsnmp-base.
Preparing to unpack .../51-libsnmp-base_5.9.1+dfsg-1ubuntu2.6_all.deb ...
Unpacking libsnmp-base (5.9.1+dfsg-1ubuntu2.6) ...
Selecting previously unselected package libsnmp40:amd64.
Preparing to unpack .../52-libsnmp40_5.9.1+dfsg-1ubuntu2.6_amd64.deb ...
Unpacking libsnmp40:amd64 (5.9.1+dfsg-1ubuntu2.6) ...
Selecting previously unselected package libsane1:amd64.
Preparing to unpack .../53-libsane1_1.1.1-5_amd64.deb ...
Unpacking libsane1:amd64 (1.1.1-5) ...
Selecting previously unselected package sane-utils.
Preparing to unpack .../54-sane-utils_1.1.1-5_amd64.deb ...
Unpacking sane-utils (1.1.1-5) ...
Selecting previously unselected package colord-data.
Preparing to unpack .../55-colord-data_1.4.6-1_all.deb ...
Unpacking colord-data (1.4.6-1) ...
Selecting previously unselected package libcolord2:amd64.
Preparing to unpack .../56-libcolord2_1.4.6-1_amd64.deb ...
Unpacking libcolord2:amd64 (1.4.6-1) ...
Selecting previously unselected package libgusb2:amd64.
Preparing to unpack .../57-libgusb2_0.3.10-1_amd64.deb ...
Unpacking libgusb2:amd64 (0.3.10-1) ...
Selecting previously unselected package libcolorhug2:amd64.
Preparing to unpack .../58-libcolorhug2_1.4.6-1_amd64.deb ...
Unpacking libcolorhug2:amd64 (1.4.6-1) ...
Selecting previously unselected package libgudev-1.0-0:amd64.
Preparing to unpack .../59-libgudev-1.0-0_1%3a237-2build1_amd64.deb ...
Unpacking libgudev-1.0-0:amd64 (1:237-2build1) ...
Selecting previously unselected package colord.
Preparing to unpack .../60-colord_1.4.6-1_amd64.deb ...
Unpacking colord (1.4.6-1) ...
Selecting previously unselected package cups-common.
Preparing to unpack .../61-cups-common_2.4.1op1-1ubuntu4.8_all.deb ...
Unpacking cups-common (2.4.1op1-1ubuntu4.8) ...
Selecting previously unselected package cups-client.
Preparing to unpack .../62-cups-client_2.4.1op1-1ubuntu4.8_amd64.deb ...
Unpacking cups-client (2.4.1op1-1ubuntu4.8) ...
Selecting previously unselected package cups-ipp-utils.
Preparing to unpack .../63-cups-ipp-utils_2.4.1op1-1ubuntu4.8_amd64.deb ...
Unpacking cups-ipp-utils (2.4.1op1-1ubuntu4.8) ...
Selecting previously unselected package poppler-utils.
Preparing to unpack .../64-poppler-utils_22.02.0-2ubuntu0.4_amd64.deb ...
Unpacking poppler-utils (22.02.0-2ubuntu0.4) ...
Selecting previously unselected package libpoppler-cpp0v5:amd64.
Preparing to unpack .../65-libpoppler-cpp0v5_22.02.0-2ubuntu0.4_amd64.deb ...
Unpacking libpoppler-cpp0v5:amd64 (22.02.0-2ubuntu0.4) ...
Selecting previously unselected package libqpdf28:amd64.
Preparing to unpack .../66-libqpdf28_10.6.3-1_amd64.deb ...
Unpacking libqpdf28:amd64 (10.6.3-1) ...
Selecting previously unselected package cups-filters-core-drivers.
Preparing to unpack .../67-cups-filters-core-drivers_1.28.15-0ubuntu1.2_amd64.deb ...
Unpacking cups-filters-core-drivers (1.28.15-0ubuntu1.2) ...
Selecting previously unselected package cups-core-drivers.
Preparing to unpack .../68-cups-core-drivers_2.4.1op1-1ubuntu4.8_amd64.deb ...
Unpacking cups-core-drivers (2.4.1op1-1ubuntu4.8) ...
Selecting previously unselected package fonts-urw-base35.
Preparing to unpack .../69-fonts-urw-base35_20200910-1_all.deb ...
Unpacking fonts-urw-base35 (20200910-1) ...
Selecting previously unselected package libgs9-common.
Preparing to unpack .../70-libgs9-common_9.55.0~dfsg1-0ubuntu5.6_all.deb ...
Unpacking libgs9-common (9.55.0~dfsg1-0ubuntu5.6) ...
Selecting previously unselected package libidn12:amd64.
Preparing to unpack .../71-libidn12_1.38-4ubuntu1_amd64.deb ...
Unpacking libidn12:amd64 (1.38-4ubuntu1) ...
Selecting previously unselected package libijs-0.35:amd64.
Preparing to unpack .../72-libijs-0.35_0.35-15build2_amd64.deb ...
Unpacking libijs-0.35:amd64 (0.35-15build2) ...
Selecting previously unselected package libjbig2dec0:amd64.
Preparing to unpack .../73-libjbig2dec0_0.19-3build2_amd64.deb ...
Unpacking libjbig2dec0:amd64 (0.19-3build2) ...
Selecting previously unselected package libgs9:amd64.
Preparing to unpack .../74-libgs9_9.55.0~dfsg1-0ubuntu5.6_amd64.deb ...
Unpacking libgs9:amd64 (9.55.0~dfsg1-0ubuntu5.6) ...
Selecting previously unselected package ghostscript.
Preparing to unpack .../75-ghostscript_9.55.0~dfsg1-0ubuntu5.6_amd64.deb ...
Unpacking ghostscript (9.55.0~dfsg1-0ubuntu5.6) ...
Selecting previously unselected package libfontembed1:amd64.
Preparing to unpack .../76-libfontembed1_1.28.15-0ubuntu1.2_amd64.deb ...
Unpacking libfontembed1:amd64 (1.28.15-0ubuntu1.2) ...
Selecting previously unselected package cups-filters.
Preparing to unpack .../77-cups-filters_1.28.15-0ubuntu1.2_amd64.deb ...
Unpacking cups-filters (1.28.15-0ubuntu1.2) ...
Selecting previously unselected package cups-ppdc.
Preparing to unpack .../78-cups-ppdc_2.4.1op1-1ubuntu4.8_amd64.deb ...
Unpacking cups-ppdc (2.4.1op1-1ubuntu4.8) ...
Selecting previously unselected package cups-server-common.
Preparing to unpack .../79-cups-server-common_2.4.1op1-1ubuntu4.8_all.deb ...
Unpacking cups-server-common (2.4.1op1-1ubuntu4.8) ...
Selecting previously unselected package cups.
Preparing to unpack .../80-cups_2.4.1op1-1ubuntu4.8_amd64.deb ...
Unpacking cups (2.4.1op1-1ubuntu4.8) ...
Selecting previously unselected package fonts-noto-mono.
Preparing to unpack .../81-fonts-noto-mono_20201225-1build1_all.deb ...
Unpacking fonts-noto-mono (20201225-1build1) ...
Selecting previously unselected package ipp-usb.
Preparing to unpack .../82-ipp-usb_0.9.20-1ubuntu0.22.04.1_amd64.deb ...
Unpacking ipp-usb (0.9.20-1ubuntu0.22.04.1) ...
Selecting previously unselected package libgphoto2-l10n.
Preparing to unpack .../83-libgphoto2-l10n_2.5.27-1build2_all.deb ...
Unpacking libgphoto2-l10n (2.5.27-1build2) ...
Selecting previously unselected package liblouis-data.
Preparing to unpack .../84-liblouis-data_3.20.0-2ubuntu0.2_all.deb ...
Unpacking liblouis-data (3.20.0-2ubuntu0.2) ...
Selecting previously unselected package liblouis20:amd64.
Preparing to unpack .../85-liblouis20_3.20.0-2ubuntu0.2_amd64.deb ...
Unpacking liblouis20:amd64 (3.20.0-2ubuntu0.2) ...
Selecting previously unselected package liblouisutdml-data.
Preparing to unpack .../86-liblouisutdml-data_2.10.0-4_all.deb ...
Unpacking liblouisutdml-data (2.10.0-4) ...
Selecting previously unselected package liblouisutdml9:amd64.
Preparing to unpack .../87-liblouisutdml9_2.10.0-4_amd64.deb ...
Unpacking liblouisutdml9:amd64 (2.10.0-4) ...
Selecting previously unselected package libnss-mdns:amd64.
Preparing to unpack .../88-libnss-mdns_0.15.1-1ubuntu1_amd64.deb ...
Unpacking libnss-mdns:amd64 (0.15.1-1ubuntu1) ...
Selecting previously unselected package libpaper-utils.
Preparing to unpack .../89-libpaper-utils_1.1.28build2_amd64.deb ...
Unpacking libpaper-utils (1.1.28build2) ...
Selecting previously unselected package sane-airscan.
Preparing to unpack .../90-sane-airscan_0.99.27-1build1_amd64.deb ...
Unpacking sane-airscan (0.99.27-1build1) ...
Selecting previously unselected package liblouisutdml-bin.
Preparing to unpack .../91-liblouisutdml-bin_2.10.0-4_amd64.deb ...
Unpacking liblouisutdml-bin (2.10.0-4) ...
Setting up liblcms2-2:amd64 (2.12~rc1-2build2) ...
Setting up libpixman-1-0:amd64 (0.40.0-1ubuntu0.22.04.1) ...
Setting up libqpdf28:amd64 (10.6.3-1) ...
Setting up libpaper1:amd64 (1.1.28build2) ...

Creating config file /etc/papersize with new version
Setting up session-migration (0.3.6) ...
Created symlink /etc/systemd/user/graphical-session-pre.target.wants/session-migration.service → /usr/lib/systemd/user/session-migration.service.
Setting up libproxy1v5:amd64 (0.4.17-2) ...
Setting up liblouisutdml-data (2.10.0-4) ...
Setting up fonts-noto-mono (20201225-1build1) ...
Setting up libxrender1:amd64 (1:0.9.10-1build4) ...
Setting up cups-server-common (2.4.1op1-1ubuntu4.8) ...
Setting up libfontembed1:amd64 (1.28.15-0ubuntu1.2) ...
Setting up libxcb-render0:amd64 (1.14-3ubuntu3) ...
Setting up libsnmp-base (5.9.1+dfsg-1ubuntu2.6) ...
Setting up libgusb2:amd64 (0.3.10-1) ...
Setting up libijs-0.35:amd64 (0.35-15build2) ...
Setting up cups-common (2.4.1op1-1ubuntu4.8) ...
Setting up libsensors-config (1:3.6.0-7ubuntu1) ...
Setting up update-inetd (4.51) ...
Setting up bc (1.07.1-3build1) ...
Setting up libxcb-shm0:amd64 (1.14-3ubuntu3) ...
Setting up libpaper-utils (1.1.28build2) ...
Setting up fonts-urw-base35 (20200910-1) ...
Setting up libgphoto2-l10n (2.5.27-1build2) ...
Setting up libcairo2:amd64 (1.16.0-5ubuntu2) ...
Setting up libcolord2:amd64 (1.4.6-1) ...
Setting up colord-data (1.4.6-1) ...
Setting up poppler-data (0.4.11-1) ...
Setting up acl (2.3.1-1) ...
Setting up libdconf1:amd64 (0.40.0-3) ...
Setting up liblouis-data (3.20.0-2ubuntu0.2) ...
Setting up libwrap0:amd64 (7.6.q-31build2) ...
Setting up libnspr4:amd64 (2:4.35-0ubuntu0.22.04.1) ...
Setting up libjbig2dec0:amd64 (0.19-3build2) ...
Setting up libavahi-common-data:amd64 (0.8-5ubuntu5.2) ...
Setting up libexif12:amd64 (0.6.24-1build1) ...
Setting up libidn12:amd64 (1.38-4ubuntu1) ...
Setting up libsensors5:amd64 (1:3.6.0-7ubuntu1) ...
Setting up libltdl7:amd64 (2.4.6-15build2) ...
Setting up libsoup2.4-common (2.74.2-3) ...
Setting up libopenjp2-7:amd64 (2.4.0-6) ...
Setting up libjson-glib-1.0-common (1.6.6-1build1) ...
Setting up fonts-droid-fallback (1:6.0.1r16-1.1build1) ...
Setting up libgphoto2-port12:amd64 (2.5.27-1build2) ...
Setting up glib-networking-common (2.72.0-1) ...
Setting up libsane-common (1.1.1-5) ...
Setting up libieee1284-3:amd64 (0.2.11-14build2) ...
Setting up libdaemon0:amd64 (0.14-7.1ubuntu3) ...
Setting up libnss-mdns:amd64 (0.15.1-1ubuntu1) ...
First installation detected...
Checking NSS setup...
Setting up libgudev-1.0-0:amd64 (1:237-2build1) ...
Setting up libgs9-common (9.55.0~dfsg1-0ubuntu5.6) ...
Setting up liblouis20:amd64 (3.20.0-2ubuntu0.2) ...
Setting up glib-networking-services (2.72.0-1) ...
Setting up libavahi-common3:amd64 (0.8-5ubuntu5.2) ...
Setting up libcolorhug2:amd64 (1.4.6-1) ...
Setting up dconf-service (0.40.0-3) ...
Setting up libnss3:amd64 (2:3.98-0ubuntu0.22.04.2) ...
Setting up libjson-glib-1.0-0:amd64 (1.6.6-1build1) ...
Setting up libpoppler118:amd64 (22.02.0-2ubuntu0.4) ...
Setting up liblouisutdml9:amd64 (2.10.0-4) ...
Setting up libgphoto2-6:amd64 (2.5.27-1build2) ...
Setting up libsnmp40:amd64 (5.9.1+dfsg-1ubuntu2.6) ...
Setting up liblouisutdml-bin (2.10.0-4) ...
Setting up libavahi-glib1:amd64 (0.8-5ubuntu5.2) ...
Setting up poppler-utils (22.02.0-2ubuntu0.4) ...
Setting up libavahi-core7:amd64 (0.8-5ubuntu5.2) ...
Setting up libpoppler-cpp0v5:amd64 (22.02.0-2ubuntu0.4) ...
Setting up libavahi-client3:amd64 (0.8-5ubuntu5.2) ...
Setting up libpoppler-glib8:amd64 (22.02.0-2ubuntu0.4) ...
Setting up dconf-gsettings-backend:amd64 (0.40.0-3) ...
Setting up sane-airscan (0.99.27-1build1) ...
Setting up libsane1:amd64 (1.1.1-5) ...
Adding scanner group...
Setting up libcups2:amd64 (2.4.1op1-1ubuntu4.8) ...
Setting up avahi-daemon (0.8-5ubuntu5.2) ...
Created symlink /etc/systemd/system/dbus-org.freedesktop.Avahi.service → /lib/systemd/system/avahi-daemon.service.
Created symlink /etc/systemd/system/multi-user.target.wants/avahi-daemon.service → /lib/systemd/system/avahi-daemon.service.
Created symlink /etc/systemd/system/sockets.target.wants/avahi-daemon.socket → /lib/systemd/system/avahi-daemon.socket.
Setting up sane-utils (1.1.1-5) ...
update-inetd: warning: cannot add service, /etc/inetd.conf does not exist
Adding saned group and user...
Adding user saned to group scanner
saned.socket is a disabled or a static unit, not starting it.
Setting up libcupsfilters1:amd64 (1.28.15-0ubuntu1.2) ...
Setting up cups-ipp-utils (2.4.1op1-1ubuntu4.8) ...
Setting up gsettings-desktop-schemas (42.0-1ubuntu1) ...
Setting up ipp-usb (0.9.20-1ubuntu0.22.04.1) ...
ipp-usb.service is a disabled or a static unit, not starting it.
Setting up cups-ppdc (2.4.1op1-1ubuntu4.8) ...
Setting up libgs9:amd64 (9.55.0~dfsg1-0ubuntu5.6) ...
Setting up colord (1.4.6-1) ...
colord.service is a disabled or a static unit, not starting it.
Setting up ghostscript (9.55.0~dfsg1-0ubuntu5.6) ...
Setting up cups-filters-core-drivers (1.28.15-0ubuntu1.2) ...
Setting up cups-client (2.4.1op1-1ubuntu4.8) ...
Adding group `lpadmin' (GID 122) ...
Done.
Setting up cups-filters (1.28.15-0ubuntu1.2) ...
Processing triggers for libglib2.0-0:amd64 (2.72.4-0ubuntu2.2) ...
Processing triggers for libc-bin (2.35-0ubuntu3.4) ...
Processing triggers for ufw (0.36.1-4ubuntu0.1) ...
Processing triggers for man-db (2.10.2-1) ...
Processing triggers for dbus (1.12.20-2ubuntu4.1) ...
Processing triggers for udev (249.11-0ubuntu3.11) ...
Setting up glib-networking:amd64 (2.72.0-1) ...
Processing triggers for install-info (6.8-4build1) ...
Setting up libsoup2.4-1:amd64 (2.74.2-3) ...
Setting up libsnapd-glib1:amd64 (1.60-0ubuntu1) ...
Setting up cups-daemon (2.4.1op1-1ubuntu4.8) ...
Created symlink /etc/systemd/system/multi-user.target.wants/cups.path → /lib/systemd/system/cups.path.
Created symlink /etc/systemd/system/printer.target.wants/cups.service → /lib/systemd/system/cups.service.
Created symlink /etc/systemd/system/multi-user.target.wants/cups.service → /lib/systemd/system/cups.service.
Created symlink /etc/systemd/system/sockets.target.wants/cups.socket → /lib/systemd/system/cups.socket.
Setting up cups-browsed (1.28.15-0ubuntu1.2) ...
Created symlink /etc/systemd/system/multi-user.target.wants/cups-browsed.service → /lib/systemd/system/cups-browsed.service.
Setting up cups-core-drivers (2.4.1op1-1ubuntu4.8) ...
Setting up cups (2.4.1op1-1ubuntu4.8) ...
Updating PPD files for cups ...
Updating PPD files for cups-filters ...
Processing triggers for libc-bin (2.35-0ubuntu3.4) ...
Processing triggers for ufw (0.36.1-4ubuntu0.1) ...
[Package]   Installing missing common package: printer-driver-gutenprint
Selecting previously unselected package libgutenprint-common.
(Reading database ... 34509 files and directories currently installed.)
Preparing to unpack .../libgutenprint-common_5.3.3-9_all.deb ...
Unpacking libgutenprint-common (5.3.3-9) ...
Selecting previously unselected package libgutenprint9.
Preparing to unpack .../libgutenprint9_5.3.3-9_amd64.deb ...
Unpacking libgutenprint9 (5.3.3-9) ...
Selecting previously unselected package printer-driver-gutenprint.
Preparing to unpack .../printer-driver-gutenprint_5.3.3-9_amd64.deb ...
Unpacking printer-driver-gutenprint (5.3.3-9) ...
Setting up libgutenprint-common (5.3.3-9) ...
Setting up libgutenprint9 (5.3.3-9) ...
Setting up printer-driver-gutenprint (5.3.3-9) ...
Processing triggers for libc-bin (2.35-0ubuntu3.4) ...
Processing triggers for man-db (2.10.2-1) ...
Processing triggers for cups (2.4.1op1-1ubuntu4.8) ...
Updating PPD files for gutenprint ...
[Package]   git installed already
[Package]   Installing missing common package: gphoto2
Selecting previously unselected package libaa1:amd64.
(Reading database ... 34888 files and directories currently installed.)
Preparing to unpack .../libaa1_1.4p5-50build1_amd64.deb ...
Unpacking libaa1:amd64 (1.4p5-50build1) ...
Selecting previously unselected package libcdk5nc6:amd64.
Preparing to unpack .../libcdk5nc6_5.0.20180306-3_amd64.deb ...
Unpacking libcdk5nc6:amd64 (5.0.20180306-3) ...
Selecting previously unselected package gphoto2.
Preparing to unpack .../gphoto2_2.5.27-1_amd64.deb ...
Unpacking gphoto2 (2.5.27-1) ...
Setting up libcdk5nc6:amd64 (5.0.20180306-3) ...
Setting up libaa1:amd64 (1.4p5-50build1) ...
Setting up gphoto2 (2.5.27-1) ...
Processing triggers for man-db (2.10.2-1) ...
Processing triggers for libc-bin (2.35-0ubuntu3.4) ...
[Package]   Installing missing common package: libimage-exiftool-perl
Selecting previously unselected package libarchive-zip-perl.
(Reading database ... 34936 files and directories currently installed.)
Preparing to unpack .../0-libarchive-zip-perl_1.68-1_all.deb ...
Unpacking libarchive-zip-perl (1.68-1) ...
Selecting previously unselected package libdatrie1:amd64.
Preparing to unpack .../1-libdatrie1_0.2.13-2_amd64.deb ...
Unpacking libdatrie1:amd64 (0.2.13-2) ...
Selecting previously unselected package libimage-exiftool-perl.
Preparing to unpack .../2-libimage-exiftool-perl_12.40+dfsg-1_all.deb ...
Unpacking libimage-exiftool-perl (12.40+dfsg-1) ...
Selecting previously unselected package libmime-charset-perl.
Preparing to unpack .../3-libmime-charset-perl_1.012.2-1_all.deb ...
Unpacking libmime-charset-perl (1.012.2-1) ...
Selecting previously unselected package libthai-data.
Preparing to unpack .../4-libthai-data_0.1.29-1build1_all.deb ...
Unpacking libthai-data (0.1.29-1build1) ...
Selecting previously unselected package libthai0:amd64.
Preparing to unpack .../5-libthai0_0.1.29-1build1_amd64.deb ...
Unpacking libthai0:amd64 (0.1.29-1build1) ...
Selecting previously unselected package libsombok3:amd64.
Preparing to unpack .../6-libsombok3_2.4.0-2_amd64.deb ...
Unpacking libsombok3:amd64 (2.4.0-2) ...
Selecting previously unselected package libunicode-linebreak-perl.
Preparing to unpack .../7-libunicode-linebreak-perl_0.0.20190101-1build3_amd64.deb ...
Unpacking libunicode-linebreak-perl (0.0.20190101-1build3) ...
Setting up libdatrie1:amd64 (0.2.13-2) ...
Setting up libarchive-zip-perl (1.68-1) ...
Setting up libimage-exiftool-perl (12.40+dfsg-1) ...
Setting up libmime-charset-perl (1.012.2-1) ...
Setting up libthai-data (0.1.29-1build1) ...
Setting up libthai0:amd64 (0.1.29-1build1) ...
Setting up libsombok3:amd64 (2.4.0-2) ...
Setting up libunicode-linebreak-perl (0.0.20190101-1build3) ...
Processing triggers for man-db (2.10.2-1) ...
Processing triggers for libc-bin (2.35-0ubuntu3.4) ...
[Package]   Installing missing common package: nodejs
Selecting previously unselected package javascript-common.
(Reading database ... 35685 files and directories currently installed.)
Preparing to unpack .../0-javascript-common_11+nmu1_all.deb ...
Unpacking javascript-common (11+nmu1) ...
Selecting previously unselected package libjs-highlight.js.
Preparing to unpack .../1-libjs-highlight.js_9.18.5+dfsg1-1_all.deb ...
Unpacking libjs-highlight.js (9.18.5+dfsg1-1) ...
Selecting previously unselected package libc-ares2:amd64.
Preparing to unpack .../2-libc-ares2_1.18.1-1ubuntu0.22.04.3_amd64.deb ...
Unpacking libc-ares2:amd64 (1.18.1-1ubuntu0.22.04.3) ...
Selecting previously unselected package libnode72:amd64.
Preparing to unpack .../3-libnode72_12.22.9~dfsg-1ubuntu3.5_amd64.deb ...
Unpacking libnode72:amd64 (12.22.9~dfsg-1ubuntu3.5) ...
Selecting previously unselected package nodejs-doc.
Preparing to unpack .../4-nodejs-doc_12.22.9~dfsg-1ubuntu3.5_all.deb ...
Unpacking nodejs-doc (12.22.9~dfsg-1ubuntu3.5) ...
Selecting previously unselected package nodejs.
Preparing to unpack .../5-nodejs_12.22.9~dfsg-1ubuntu3.5_amd64.deb ...
Unpacking nodejs (12.22.9~dfsg-1ubuntu3.5) ...
Setting up javascript-common (11+nmu1) ...
apache2_invoke: Enable configuration javascript-common
Setting up libc-ares2:amd64 (1.18.1-1ubuntu0.22.04.3) ...
Setting up libnode72:amd64 (12.22.9~dfsg-1ubuntu3.5) ...
Setting up libjs-highlight.js (9.18.5+dfsg1-1) ...
Setting up nodejs (12.22.9~dfsg-1ubuntu3.5) ...
update-alternatives: using /usr/bin/nodejs to provide /usr/bin/js (js) in auto mode
Setting up nodejs-doc (12.22.9~dfsg-1ubuntu3.5) ...
Processing triggers for man-db (2.10.2-1) ...
Processing triggers for libc-bin (2.35-0ubuntu3.4) ...
[Package]   Installing missing common package: php8.3-gd
Selecting previously unselected package php8.3-gd.
(Reading database ... 36053 files and directories currently installed.)
Preparing to unpack .../php8.3-gd_8.3.7-2+ubuntu22.04.1+deb.sury.org+1_amd64.deb ...
Unpacking php8.3-gd (8.3.7-2+ubuntu22.04.1+deb.sury.org+1) ...
Setting up php8.3-gd (8.3.7-2+ubuntu22.04.1+deb.sury.org+1) ...

Creating config file /etc/php/8.3/mods-available/gd.ini with new version
Processing triggers for libapache2-mod-php8.3 (8.3.7-2+ubuntu22.04.1+deb.sury.org+1) ...
Processing triggers for php8.3-cli (8.3.7-2+ubuntu22.04.1+deb.sury.org+1) ...
[Package]   Installing missing common package: php8.3-xml
Selecting previously unselected package libxslt1.1:amd64.
(Reading database ... 36062 files and directories currently installed.)
Preparing to unpack .../libxslt1.1_1.1.34-4ubuntu0.22.04.1_amd64.deb ...
Unpacking libxslt1.1:amd64 (1.1.34-4ubuntu0.22.04.1) ...
Selecting previously unselected package php8.3-xml.
Preparing to unpack .../php8.3-xml_8.3.7-2+ubuntu22.04.1+deb.sury.org+1_amd64.deb ...
Unpacking php8.3-xml (8.3.7-2+ubuntu22.04.1+deb.sury.org+1) ...
Setting up libxslt1.1:amd64 (1.1.34-4ubuntu0.22.04.1) ...
Setting up php8.3-xml (8.3.7-2+ubuntu22.04.1+deb.sury.org+1) ...

Creating config file /etc/php/8.3/mods-available/dom.ini with new version

Creating config file /etc/php/8.3/mods-available/simplexml.ini with new version

Creating config file /etc/php/8.3/mods-available/xml.ini with new version

Creating config file /etc/php/8.3/mods-available/xmlreader.ini with new version

Creating config file /etc/php/8.3/mods-available/xmlwriter.ini with new version

Creating config file /etc/php/8.3/mods-available/xsl.ini with new version
Processing triggers for libapache2-mod-php8.3 (8.3.7-2+ubuntu22.04.1+deb.sury.org+1) ...
Processing triggers for libc-bin (2.35-0ubuntu3.4) ...
Processing triggers for php8.3-cli (8.3.7-2+ubuntu22.04.1+deb.sury.org+1) ...
[Package]   Installing missing common package: php8.3-zip
Selecting previously unselected package libzip4:amd64.
(Reading database ... 36095 files and directories currently installed.)
Preparing to unpack .../libzip4_1.7.3-1ubuntu2_amd64.deb ...
Unpacking libzip4:amd64 (1.7.3-1ubuntu2) ...
Selecting previously unselected package php8.3-zip.
Preparing to unpack .../php8.3-zip_8.3.7-2+ubuntu22.04.1+deb.sury.org+1_amd64.deb ...
Unpacking php8.3-zip (8.3.7-2+ubuntu22.04.1+deb.sury.org+1) ...
Setting up libzip4:amd64 (1.7.3-1ubuntu2) ...
Setting up php8.3-zip (8.3.7-2+ubuntu22.04.1+deb.sury.org+1) ...

Creating config file /etc/php/8.3/mods-available/zip.ini with new version
Processing triggers for libc-bin (2.35-0ubuntu3.4) ...
Processing triggers for libapache2-mod-php8.3 (8.3.7-2+ubuntu22.04.1+deb.sury.org+1) ...
Processing triggers for php8.3-cli (8.3.7-2+ubuntu22.04.1+deb.sury.org+1) ...
[Package]   Installing missing common package: php8.3-mbstring
Selecting previously unselected package libonig5:amd64.
(Reading database ... 36110 files and directories currently installed.)
Preparing to unpack .../libonig5_6.9.7.1-2build1_amd64.deb ...
Unpacking libonig5:amd64 (6.9.7.1-2build1) ...
Selecting previously unselected package php8.3-mbstring.
Preparing to unpack .../php8.3-mbstring_8.3.7-2+ubuntu22.04.1+deb.sury.org+1_amd64.deb ...
Unpacking php8.3-mbstring (8.3.7-2+ubuntu22.04.1+deb.sury.org+1) ...
Setting up libonig5:amd64 (6.9.7.1-2build1) ...
Setting up php8.3-mbstring (8.3.7-2+ubuntu22.04.1+deb.sury.org+1) ...

Creating config file /etc/php/8.3/mods-available/mbstring.ini with new version
Processing triggers for libc-bin (2.35-0ubuntu3.4) ...
Processing triggers for libapache2-mod-php8.3 (8.3.7-2+ubuntu22.04.1+deb.sury.org+1) ...
Processing triggers for php8.3-cli (8.3.7-2+ubuntu22.04.1+deb.sury.org+1) ...
[Package]   python3 installed already
[Package]   rsync installed already
[Package]   Installing missing common package: udisks2
Selecting previously unselected package libfdisk1:amd64.
(Reading database ... 36124 files and directories currently installed.)
Preparing to unpack .../00-libfdisk1_2.37.2-4ubuntu3.4_amd64.deb ...
Unpacking libfdisk1:amd64 (2.37.2-4ubuntu3.4) ...
Selecting previously unselected package fdisk.
Preparing to unpack .../01-fdisk_2.37.2-4ubuntu3.4_amd64.deb ...
Unpacking fdisk (2.37.2-4ubuntu3.4) ...
Selecting previously unselected package libatasmart4:amd64.
Preparing to unpack .../02-libatasmart4_0.19-5build2_amd64.deb ...
Unpacking libatasmart4:amd64 (0.19-5build2) ...
Selecting previously unselected package libblockdev-utils2:amd64.
Preparing to unpack .../03-libblockdev-utils2_2.26-1_amd64.deb ...
Unpacking libblockdev-utils2:amd64 (2.26-1) ...
Selecting previously unselected package libgpgme11:amd64.
Preparing to unpack .../04-libgpgme11_1.16.0-1.2ubuntu4.2_amd64.deb ...
Unpacking libgpgme11:amd64 (1.16.0-1.2ubuntu4.2) ...
Selecting previously unselected package libvolume-key1.
Preparing to unpack .../05-libvolume-key1_0.3.12-3.1build3_amd64.deb ...
Unpacking libvolume-key1 (0.3.12-3.1build3) ...
Selecting previously unselected package libblockdev-crypto2:amd64.
Preparing to unpack .../06-libblockdev-crypto2_2.26-1_amd64.deb ...
Unpacking libblockdev-crypto2:amd64 (2.26-1) ...
Selecting previously unselected package libblockdev-part-err2:amd64.
Preparing to unpack .../07-libblockdev-part-err2_2.26-1_amd64.deb ...
Unpacking libblockdev-part-err2:amd64 (2.26-1) ...
Selecting previously unselected package libparted-fs-resize0:amd64.
Preparing to unpack .../08-libparted-fs-resize0_3.4-2build1_amd64.deb ...
Unpacking libparted-fs-resize0:amd64 (3.4-2build1) ...
Selecting previously unselected package libblockdev-fs2:amd64.
Preparing to unpack .../09-libblockdev-fs2_2.26-1_amd64.deb ...
Unpacking libblockdev-fs2:amd64 (2.26-1) ...
Selecting previously unselected package libblockdev-loop2:amd64.
Preparing to unpack .../10-libblockdev-loop2_2.26-1_amd64.deb ...
Unpacking libblockdev-loop2:amd64 (2.26-1) ...
Selecting previously unselected package gdisk.
Preparing to unpack .../11-gdisk_1.0.8-4build1_amd64.deb ...
Unpacking gdisk (1.0.8-4build1) ...
Selecting previously unselected package libblockdev-part2:amd64.
Preparing to unpack .../12-libblockdev-part2_2.26-1_amd64.deb ...
Unpacking libblockdev-part2:amd64 (2.26-1) ...
Selecting previously unselected package libblockdev-swap2:amd64.
Preparing to unpack .../13-libblockdev-swap2_2.26-1_amd64.deb ...
Unpacking libblockdev-swap2:amd64 (2.26-1) ...
Selecting previously unselected package libblockdev2:amd64.
Preparing to unpack .../14-libblockdev2_2.26-1_amd64.deb ...
Unpacking libblockdev2:amd64 (2.26-1) ...
Selecting previously unselected package libudisks2-0:amd64.
Preparing to unpack .../15-libudisks2-0_2.9.4-1ubuntu2_amd64.deb ...
Unpacking libudisks2-0:amd64 (2.9.4-1ubuntu2) ...
Selecting previously unselected package udisks2.
Preparing to unpack .../16-udisks2_2.9.4-1ubuntu2_amd64.deb ...
Unpacking udisks2 (2.9.4-1ubuntu2) ...
Setting up libgpgme11:amd64 (1.16.0-1.2ubuntu4.2) ...
Setting up gdisk (1.0.8-4build1) ...
Setting up libatasmart4:amd64 (0.19-5build2) ...
Setting up libblockdev-utils2:amd64 (2.26-1) ...
Setting up libfdisk1:amd64 (2.37.2-4ubuntu3.4) ...
Setting up libparted-fs-resize0:amd64 (3.4-2build1) ...
Setting up libblockdev-part-err2:amd64 (2.26-1) ...
Setting up libvolume-key1 (0.3.12-3.1build3) ...
Setting up libudisks2-0:amd64 (2.9.4-1ubuntu2) ...
Setting up libblockdev-crypto2:amd64 (2.26-1) ...
Setting up libblockdev-swap2:amd64 (2.26-1) ...
Setting up libblockdev-loop2:amd64 (2.26-1) ...
Setting up libblockdev2:amd64 (2.26-1) ...
Setting up fdisk (2.37.2-4ubuntu3.4) ...
Setting up libblockdev-fs2:amd64 (2.26-1) ...
Setting up libblockdev-part2:amd64 (2.26-1) ...
Setting up udisks2 (2.9.4-1ubuntu2) ...
Created symlink /etc/systemd/system/graphical.target.wants/udisks2.service → /lib/systemd/system/udisks2.service.
Processing triggers for man-db (2.10.2-1) ...
Processing triggers for dbus (1.12.20-2ubuntu4.1) ...
Processing triggers for libc-bin (2.35-0ubuntu3.4) ...
[Info]      Node.js on Photobooth is only supported on v18.17!
[Info]      Found Node.js v12.22.9.
### Node.js should be updated/downgraded. Node.js version not matching our requirements
###  Found Node.js v12.22.9, but v18.17(.0 or newer) is suggested.
###  NOTE: Currently Node.js on Photobooth is only supported on v18.17.
###        The installation of Photobooth will fail on Node.js versions below v18.17.

[Cleanup]   Removing nodejs package
(Reading database ... 36272 files and directories currently installed.)
Removing nodejs (12.22.9~dfsg-1ubuntu3.5) ...
Processing triggers for man-db (2.10.2-1) ...
(Reading database ... 36212 files and directories currently installed.)
Removing javascript-common (11+nmu1) ...
Conf javascript-common disabled.
apache2_invoke prerm: Disable configuration javascript-common
Removing libnode72:amd64 (12.22.9~dfsg-1ubuntu3.5) ...
Removing libc-ares2:amd64 (1.18.1-1ubuntu0.22.04.3) ...
Removing nodejs-doc (12.22.9~dfsg-1ubuntu3.5) ...
Removing libjs-highlight.js (9.18.5+dfsg1-1) ...
Processing triggers for libc-bin (2.35-0ubuntu3.4) ...
(Reading database ... 35908 files and directories currently installed.)
Purging configuration files for javascript-common (11+nmu1) ...
apache2_invoke postrm: Purging state for javascript-common
[Package]   Installing latest Node.js v18
(Reading database ... 35904 files and directories currently installed.)
Preparing to unpack .../curl_7.81.0-1ubuntu1.16_amd64.deb ...
Unpacking curl (7.81.0-1ubuntu1.16) over (7.81.0-1ubuntu1.14) ...
Preparing to unpack .../libcurl4_7.81.0-1ubuntu1.16_amd64.deb ...
Unpacking libcurl4:amd64 (7.81.0-1ubuntu1.16) over (7.81.0-1ubuntu1.14) ...
Setting up libcurl4:amd64 (7.81.0-1ubuntu1.16) ...
Setting up curl (7.81.0-1ubuntu1.16) ...
Processing triggers for man-db (2.10.2-1) ...
Processing triggers for libc-bin (2.35-0ubuntu3.4) ...
deb [signed-by=/etc/apt/keyrings/nodesource.gpg] https://deb.nodesource.com/node_18.x nodistro main
Selecting previously unselected package nodejs.
(Reading database ... 35904 files and directories currently installed.)
Preparing to unpack .../nodejs_18.20.3-1nodesource1_amd64.deb ...
Unpacking nodejs (18.20.3-1nodesource1) ...
Setting up nodejs (18.20.3-1nodesource1) ...
Processing triggers for man-db (2.10.2-1) ...
[Info]      Node.js on Photobooth is only supported on v18.17!
[Info]      Found Node.js v18.20.3.
[Info]      Node.js matches our requirements..
[Info]      npm available..
[Info]      Found npm 10.7.0
[Info]      npm version matches our requirements.
/var/www/html found. Creating backup as html-20240606-17-54.
### Now we are going to install Photobooth.
Cloning into 'html'...
remote: Enumerating objects: 24348, done.
remote: Counting objects: 100% (85/85), done.
remote: Compressing objects: 100% (56/56), done.
remote: Total 24348 (delta 38), reused 58 (delta 29), pack-reused 24263
Receiving objects: 100% (24348/24348), 36.09 MiB | 5.34 MiB/s, done.
Resolving deltas: 100% (16622/16622), done.
### Checking needed remote information...
### Adding photoboothproject remote...
### We are installing/updating Photobooth via git.
### Ignoring filemode changes on git.
From https://github.com/PhotoboothProject/photobooth
 * branch              dev        -> FETCH_HEAD
 * [new branch]        dev        -> photoboothproject/dev
Note: switching to 'photoboothproject/dev'.

You are in 'detached HEAD' state. You can look around, make experimental
changes and commit them, and you can discard any commits you make in this
state without impacting any branches by switching back to a branch.

If you want to create a new branch to retain commits you create, you may
do so (now or later) by using -c with the switch command. Example:

  git switch -c <new-branch-name>

Or undo this operation with:

  git switch -

Turn off this advice by setting config variable advice.detachedHead to false

HEAD is now at 33509f03 Ftp: fix and improvements (#731)
Submodule 'vendor/Seriously' (https://github.com/brianchirls/Seriously.js) registered for path 'vendor/Seriously'
Cloning into '/var/www/html/vendor/Seriously'...
Submodule path 'vendor/Seriously': checked out '513d2b8696b76fe764b3033aa6dc7c99005acccd'
### Get yourself a hot beverage. The following step can take up to 15 minutes.

added 672 packages, and audited 673 packages in 26s

125 packages are looking for funding
  run `npm fund` for details

found 0 vulnerabilities
npm notice
npm notice New minor version of npm available! 10.7.0 -> 10.8.1
npm notice Changelog: https://github.com/npm/cli/releases/tag/v10.8.1
npm notice To update run: npm install -g npm@10.8.1
npm notice

> photobooth@4.99.0 build
> npm-run-all --serial composer:install format build:gulp build:head clean:skipwelcome


> photobooth@4.99.0 composer:install
> php bin/composer install

Installing dependencies from lock file (including require-dev)
Verifying lock file contents can be installed on current platform.
Package operations: 28 installs, 0 updates, 0 removals
As there is no 'unzip' nor '7z' command installed zip files are being unpacked using the PHP zip extension.
This may cause invalid reports of corrupted archives. Besides, any UNIX permissions (e.g. executable) defined in the archives will be lost.
Installing 'unzip' or '7z' (21.01+) may remediate them.
  - Downloading dasprid/enum (1.0.5)
  - Downloading bacon/bacon-qr-code (v3.0.0)
  - Downloading endroid/qr-code (5.0.9)
  - Downloading symfony/polyfill-php80 (v1.29.0)
  - Downloading symfony/deprecation-contracts (v3.5.0)
  - Downloading psr/event-dispatcher (1.0.0)
  - Downloading nette/utils (v4.0.4)
  - Downloading nette/schema (v1.3.0)
  - Downloading dflydev/dot-access-data (v3.0.2)
  - Downloading league/config (v1.2.0)
  - Downloading symfony/polyfill-mbstring (v1.29.0)
  - Downloading league/commonmark (2.4.2)
  - Downloading psr/log (3.0.0)
  - Downloading monolog/monolog (3.6.0)
  - Downloading symfony/polyfill-ctype (v1.29.0)
  - Downloading phpmailer/phpmailer (v6.9.1)
  - Downloading symfony/asset (v7.1.1)
  - Downloading symfony/filesystem (v7.1.1)
  - Downloading symfony/config (v7.1.1)
  - Downloading symfony/polyfill-intl-normalizer (v1.29.0)
  - Downloading symfony/polyfill-intl-grapheme (v1.29.0)
  - Downloading symfony/string (v7.1.1)
  - Downloading psr/container (2.0.2)
  - Downloading symfony/service-contracts (v3.5.0)
  - Downloading symfony/console (v7.1.1)
  - Downloading symfony/finder (v7.1.1)
  - Downloading symfony/translation-contracts (v3.5.0)
  - Downloading symfony/translation (v7.1.1)
  - Installing dasprid/enum (1.0.5): Extracting archive
  - Installing bacon/bacon-qr-code (v3.0.0): Extracting archive
  - Installing endroid/qr-code (5.0.9): Extracting archive
  - Installing symfony/polyfill-php80 (v1.29.0): Extracting archive
  - Installing symfony/deprecation-contracts (v3.5.0): Extracting archive
  - Installing psr/event-dispatcher (1.0.0): Extracting archive
  - Installing nette/utils (v4.0.4): Extracting archive
  - Installing nette/schema (v1.3.0): Extracting archive
  - Installing dflydev/dot-access-data (v3.0.2): Extracting archive
  - Installing league/config (v1.2.0): Extracting archive
  - Installing symfony/polyfill-mbstring (v1.29.0): Extracting archive
  - Installing league/commonmark (2.4.2): Extracting archive
  - Installing psr/log (3.0.0): Extracting archive
  - Installing monolog/monolog (3.6.0): Extracting archive
  - Installing symfony/polyfill-ctype (v1.29.0): Extracting archive
  - Installing phpmailer/phpmailer (v6.9.1): Extracting archive
  - Installing symfony/asset (v7.1.1): Extracting archive
  - Installing symfony/filesystem (v7.1.1): Extracting archive
  - Installing symfony/config (v7.1.1): Extracting archive
  - Installing symfony/polyfill-intl-normalizer (v1.29.0): Extracting archive
  - Installing symfony/polyfill-intl-grapheme (v1.29.0): Extracting archive
  - Installing symfony/string (v7.1.1): Extracting archive
  - Installing psr/container (2.0.2): Extracting archive
  - Installing symfony/service-contracts (v3.5.0): Extracting archive
  - Installing symfony/console (v7.1.1): Extracting archive
  - Installing symfony/finder (v7.1.1): Extracting archive
  - Installing symfony/translation-contracts (v3.5.0): Extracting archive
  - Installing symfony/translation (v7.1.1): Extracting archive
Generating optimized autoload files
20 packages you are using are looking for funding.
Use the `composer fund` command to find out more!
> composer install --working-dir=tools/php-cs-fixer
Installing dependencies from lock file (including require-dev)
Verifying lock file contents can be installed on current platform.
Package operations: 35 installs, 0 updates, 0 removals
As there is no 'unzip' nor '7z' command installed zip files are being unpacked using the PHP zip extension.
This may cause invalid reports of corrupted archives. Besides, any UNIX permissions (e.g. executable) defined in the archives will be lost.
Installing 'unzip' or '7z' (21.01+) may remediate them.
  - Downloading composer/pcre (3.1.4)
  - Downloading symfony/stopwatch (v7.1.1)
  - Downloading symfony/process (v7.1.1)
  - Downloading symfony/polyfill-php81 (v1.29.0)
  - Downloading symfony/options-resolver (v7.1.1)
  - Downloading symfony/event-dispatcher-contracts (v3.5.0)
  - Downloading symfony/event-dispatcher (v7.1.1)
  - Downloading sebastian/diff (6.0.1)
  - Downloading react/event-loop (v1.5.0)
  - Downloading evenement/evenement (v3.0.2)
  - Downloading react/stream (v1.3.0)
  - Downloading react/promise (v3.2.0)
  - Downloading react/cache (v1.2.0)
  - Downloading react/dns (v1.12.0)
  - Downloading react/socket (v1.15.0)
  - Downloading react/child-process (v0.6.5)
  - Downloading fidry/cpu-core-counter (1.1.0)
  - Downloading composer/xdebug-handler (3.0.5)
  - Downloading composer/semver (3.4.0)
  - Downloading clue/ndjson-react (v1.3.0)
  - Downloading friendsofphp/php-cs-fixer (v3.58.1)
  - Installing composer/pcre (3.1.4): Extracting archive
  - Installing symfony/deprecation-contracts (v3.5.0): Extracting archive
  - Installing psr/container (2.0.2): Extracting archive
  - Installing symfony/service-contracts (v3.5.0): Extracting archive
  - Installing symfony/stopwatch (v7.1.1): Extracting archive
  - Installing symfony/process (v7.1.1): Extracting archive
  - Installing symfony/polyfill-php81 (v1.29.0): Extracting archive
  - Installing symfony/polyfill-php80 (v1.29.0): Extracting archive
  - Installing symfony/polyfill-mbstring (v1.29.0): Extracting archive
  - Installing symfony/options-resolver (v7.1.1): Extracting archive
  - Installing symfony/finder (v7.1.1): Extracting archive
  - Installing symfony/polyfill-ctype (v1.29.0): Extracting archive
  - Installing symfony/filesystem (v7.1.1): Extracting archive
  - Installing psr/event-dispatcher (1.0.0): Extracting archive
  - Installing symfony/event-dispatcher-contracts (v3.5.0): Extracting archive
  - Installing symfony/event-dispatcher (v7.1.1): Extracting archive
  - Installing symfony/polyfill-intl-normalizer (v1.29.0): Extracting archive
  - Installing symfony/polyfill-intl-grapheme (v1.29.0): Extracting archive
  - Installing symfony/string (v7.1.1): Extracting archive
  - Installing symfony/console (v7.1.1): Extracting archive
  - Installing sebastian/diff (6.0.1): Extracting archive
  - Installing react/event-loop (v1.5.0): Extracting archive
  - Installing evenement/evenement (v3.0.2): Extracting archive
  - Installing react/stream (v1.3.0): Extracting archive
  - Installing react/promise (v3.2.0): Extracting archive
  - Installing react/cache (v1.2.0): Extracting archive
  - Installing react/dns (v1.12.0): Extracting archive
  - Installing react/socket (v1.15.0): Extracting archive
  - Installing react/child-process (v0.6.5): Extracting archive
  - Installing fidry/cpu-core-counter (1.1.0): Extracting archive
  - Installing psr/log (3.0.0): Extracting archive
  - Installing composer/xdebug-handler (3.0.5): Extracting archive
  - Installing composer/semver (3.4.0): Extracting archive
  - Installing clue/ndjson-react (v1.3.0): Extracting archive
  - Installing friendsofphp/php-cs-fixer (v3.58.1): Extracting archive
Generating autoload files
31 packages you are using are looking for funding.
Use the `composer fund` command to find out more!
> composer install --working-dir=tools/phplint
Installing dependencies from lock file (including require-dev)
Verifying lock file contents can be installed on current platform.
Package operations: 22 installs, 0 updates, 0 removals
As there is no 'unzip' nor '7z' command installed zip files are being unpacked using the PHP zip extension.
This may cause invalid reports of corrupted archives. Besides, any UNIX permissions (e.g. executable) defined in the archives will be lost.
Installing 'unzip' or '7z' (21.01+) may remediate them.
  - Downloading symfony/yaml (v7.1.1)
  - Downloading symfony/var-exporter (v7.1.1)
  - Downloading psr/cache (3.0.0)
  - Downloading symfony/cache-contracts (v3.5.0)
  - Downloading symfony/cache (v7.1.1)
  - Downloading overtrue/phplint (9.3.1)
  - Installing symfony/polyfill-ctype (v1.29.0): Extracting archive
  - Installing symfony/yaml (v7.1.1): Extracting archive
  - Installing symfony/process (v7.1.1): Extracting archive
  - Installing symfony/deprecation-contracts (v3.5.0): Extracting archive
  - Installing symfony/options-resolver (v7.1.1): Extracting archive
  - Installing symfony/finder (v7.1.1): Extracting archive
  - Installing psr/event-dispatcher (1.0.0): Extracting archive
  - Installing symfony/event-dispatcher-contracts (v3.5.0): Extracting archive
  - Installing symfony/event-dispatcher (v7.1.1): Extracting archive
  - Installing symfony/polyfill-mbstring (v1.29.0): Extracting archive
  - Installing symfony/polyfill-intl-normalizer (v1.29.0): Extracting archive
  - Installing symfony/polyfill-intl-grapheme (v1.29.0): Extracting archive
  - Installing symfony/string (v7.1.1): Extracting archive
  - Installing psr/container (2.0.2): Extracting archive
  - Installing symfony/service-contracts (v3.5.0): Extracting archive
  - Installing symfony/console (v7.1.1): Extracting archive
  - Installing symfony/var-exporter (v7.1.1): Extracting archive
  - Installing psr/cache (3.0.0): Extracting archive
  - Installing symfony/cache-contracts (v3.5.0): Extracting archive
  - Installing psr/log (3.0.0): Extracting archive
  - Installing symfony/cache (v7.1.1): Extracting archive
  - Installing overtrue/phplint (9.3.1): Extracting archive
Generating autoload files
18 packages you are using are looking for funding.
Use the `composer fund` command to find out more!
> composer install --working-dir=tools/phpunit
Installing dependencies from lock file (including require-dev)
Verifying lock file contents can be installed on current platform.
Package operations: 26 installs, 0 updates, 0 removals
As there is no 'unzip' nor '7z' command installed zip files are being unpacked using the PHP zip extension.
This may cause invalid reports of corrupted archives. Besides, any UNIX permissions (e.g. executable) defined in the archives will be lost.
Installing 'unzip' or '7z' (21.01+) may remediate them.
  - Downloading sebastian/version (4.0.1)
  - Downloading sebastian/type (4.0.0)
  - Downloading sebastian/recursion-context (5.0.0)
  - Downloading sebastian/object-reflector (3.0.0)
  - Downloading sebastian/object-enumerator (5.0.0)
  - Downloading sebastian/global-state (6.0.2)
  - Downloading sebastian/exporter (5.1.2)
  - Downloading sebastian/environment (6.1.0)
  - Downloading sebastian/diff (5.1.1)
  - Downloading sebastian/comparator (5.0.1)
  - Downloading sebastian/code-unit (2.0.0)
  - Downloading sebastian/cli-parser (2.0.1)
  - Downloading phpunit/php-timer (6.0.0)
  - Downloading phpunit/php-text-template (3.0.1)
  - Downloading phpunit/php-invoker (4.0.0)
  - Downloading phpunit/php-file-iterator (4.1.0)
  - Downloading theseer/tokenizer (1.2.3)
  - Downloading nikic/php-parser (v5.0.2)
  - Downloading sebastian/lines-of-code (2.0.2)
  - Downloading sebastian/complexity (3.2.0)
  - Downloading sebastian/code-unit-reverse-lookup (3.0.0)
  - Downloading phpunit/php-code-coverage (10.1.14)
  - Downloading phar-io/version (3.2.1)
  - Downloading phar-io/manifest (2.0.4)
  - Downloading myclabs/deep-copy (1.11.1)
  - Downloading phpunit/phpunit (10.5.20)
  - Installing sebastian/version (4.0.1): Extracting archive
  - Installing sebastian/type (4.0.0): Extracting archive
  - Installing sebastian/recursion-context (5.0.0): Extracting archive
  - Installing sebastian/object-reflector (3.0.0): Extracting archive
  - Installing sebastian/object-enumerator (5.0.0): Extracting archive
  - Installing sebastian/global-state (6.0.2): Extracting archive
  - Installing sebastian/exporter (5.1.2): Extracting archive
  - Installing sebastian/environment (6.1.0): Extracting archive
  - Installing sebastian/diff (5.1.1): Extracting archive
  - Installing sebastian/comparator (5.0.1): Extracting archive
  - Installing sebastian/code-unit (2.0.0): Extracting archive
  - Installing sebastian/cli-parser (2.0.1): Extracting archive
  - Installing phpunit/php-timer (6.0.0): Extracting archive
  - Installing phpunit/php-text-template (3.0.1): Extracting archive
  - Installing phpunit/php-invoker (4.0.0): Extracting archive
  - Installing phpunit/php-file-iterator (4.1.0): Extracting archive
  - Installing theseer/tokenizer (1.2.3): Extracting archive
  - Installing nikic/php-parser (v5.0.2): Extracting archive
  - Installing sebastian/lines-of-code (2.0.2): Extracting archive
  - Installing sebastian/complexity (3.2.0): Extracting archive
  - Installing sebastian/code-unit-reverse-lookup (3.0.0): Extracting archive
  - Installing phpunit/php-code-coverage (10.1.14): Extracting archive
  - Installing phar-io/version (3.2.1): Extracting archive
  - Installing phar-io/manifest (2.0.4): Extracting archive
  - Installing myclabs/deep-copy (1.11.1): Extracting archive
  - Installing phpunit/phpunit (10.5.20): Extracting archive
Generating autoload files
24 packages you are using are looking for funding.
Use the `composer fund` command to find out more!
> composer install --working-dir=tools/phpstan
Installing dependencies from lock file (including require-dev)
Verifying lock file contents can be installed on current platform.
Package operations: 2 installs, 0 updates, 0 removals
As there is no 'unzip' nor '7z' command installed zip files are being unpacked using the PHP zip extension.
This may cause invalid reports of corrupted archives. Besides, any UNIX permissions (e.g. executable) defined in the archives will be lost.
Installing 'unzip' or '7z' (21.01+) may remediate them.
  - Downloading phpstan/phpstan (1.11.3)
  - Downloading phpstan/phpstan-symfony (1.4.3)
  - Installing phpstan/phpstan (1.11.3): Extracting archive
  - Installing phpstan/phpstan-symfony (1.4.3): Extracting archive
Generating autoload files
1 package you are using is looking for funding.
Use the `composer fund` command to find out more!

> photobooth@4.99.0 format
> npm-run-all format:* eslint:fix


> photobooth@4.99.0 format:js
> prettier assets/js/{,*/**/}*.js --write

assets/js/admin/buttons.js 202ms (unchanged)
assets/js/admin/imageSelect.js 9ms (unchanged)
assets/js/admin/index.js 28ms (unchanged)
assets/js/admin/keypad.js 42ms (unchanged)
assets/js/admin/navi.js 18ms (unchanged)
assets/js/admin/toast.js 8ms (unchanged)
assets/js/adminshortcut.js 10ms (unchanged)
assets/js/chromakeying.js 108ms (unchanged)
assets/js/core.js 310ms (unchanged)
assets/js/debugpanel.js 34ms (unchanged)
assets/js/gallery-updatecheck.js 20ms (unchanged)
assets/js/gallery.js 3ms (unchanged)
assets/js/photoswipe.js 68ms (unchanged)
assets/js/preview.js 63ms (unchanged)
assets/js/remotebuzzer-client.js 56ms (unchanged)
assets/js/remotebuzzer-server.js 225ms (unchanged)
assets/js/slideshow.js 33ms (unchanged)
assets/js/sync-to-drive.js 42ms
assets/js/test-chroma.js 11ms (unchanged)
assets/js/test-preview.js 36ms (unchanged)
assets/js/tools.js 71ms (unchanged)

> photobooth@4.99.0 format:scss
> prettier assets/sass/{,*/**/}*.scss --write

assets/sass/components/_adminshortcut.scss 55ms (unchanged)
assets/sass/components/_base.scss 15ms (unchanged)
assets/sass/components/_button.scss 40ms (unchanged)
assets/sass/components/_buzzer.scss 3ms (unchanged)
assets/sass/components/_cheese.scss 5ms (unchanged)
assets/sass/components/_chroma.scss 9ms (unchanged)
assets/sass/components/_countdown.scss 9ms (unchanged)
assets/sass/components/_dialog.scss 22ms (unchanged)
assets/sass/components/_form.scss 10ms (unchanged)
assets/sass/components/_gallery.scss 24ms (unchanged)
assets/sass/components/_github-corner.scss 10ms (unchanged)
assets/sass/components/_logo.scss 6ms (unchanged)
assets/sass/components/_modal.scss 17ms (unchanged)
assets/sass/components/_overlay.scss 12ms (unchanged)
assets/sass/components/_preview.scss 10ms (unchanged)
assets/sass/components/_reboot.scss 5ms (unchanged)
assets/sass/components/_root.scss 4ms (unchanged)
assets/sass/components/_shutter.scss 7ms (unchanged)
assets/sass/components/_sidenav.scss 19ms (unchanged)
assets/sass/components/_stage.scss 15ms (unchanged)
assets/sass/components/_text.scss 3ms (unchanged)
assets/sass/components/_utility.scss 4ms (unchanged)
assets/sass/experiments/_video-capture-animation.scss 8ms (unchanged)
assets/sass/experiments/_video-capture-result.scss 4ms (unchanged)
assets/sass/fonts.scss 10ms (unchanged)
assets/sass/framework.scss 4ms (unchanged)
assets/sass/photoswipe-bottom.scss 3ms (unchanged)
assets/sass/tailwind.admin.scss 7ms (unchanged)
assets/sass/themes/_classic.scss 9ms (unchanged)
assets/sass/themes/_modern.scss 6ms (unchanged)
assets/sass/vendor/_photoswipe.scss 18ms (unchanged)

> photobooth@4.99.0 eslint:fix
> eslint assets/js/{,*/**/}*.js --fix


> photobooth@4.99.0 build:gulp
> gulp

[18:00:15] Using gulpfile ~/html/gulpfile.mjs
[18:00:15] Starting 'default'...
[18:00:15] Starting 'sass'...
[18:00:15] Starting 'js'...
[18:00:15] Starting 'js-admin'...
[18:00:15] Starting 'tailwind-admin'...
[18:00:20] Finished 'js' after 5.6 s
[18:00:20] Finished 'sass' after 5.61 s
[18:00:20] Finished 'tailwind-admin' after 5.61 s
[18:00:21] Finished 'js-admin' after 5.82 s
[18:00:21] Starting 'generateAssetRevisions'...
[18:00:21] Finished 'generateAssetRevisions' after 67 ms
[18:00:21] Finished 'default' after 5.9 s

> photobooth@4.99.0 build:head
> git log --format="%h %s" -n 20 > HEAD


> photobooth@4.99.0 clean:skipwelcome
> rimraf welcome/.skip_welcome

### Setting permissions.
Adding user www-data to group plugdev
Adding user www-data to group video
Adding user birdr to group www-data
### Fixing permissions on cache folder.
### Fixing permissions on npm folder.
### Disabling camera automount.
chmod: cannot access '/usr/lib/gvfs/gvfs-gphoto2-volume-monitor': No such file or directory
### Note: In order for the shutdown and reboot button to work we install /etc/sudoers.d/020_www-data-shutdown
### Adding polkit rule so www-data can (un)mount drives
### Browser unknown or not installed. Can not add shortcut to Desktop.
### Setting printer permissions.
Adding user www-data to group lp
Adding user www-data to group lpadmin
### Installing go2rtc (version: v1.8.6-4)
--2024-06-06 18:00:22--  https://github.com/dadav/go2rtc/releases/download/v1.8.6-4/go2rtc_linux_amd64.tar.gz
Resolving github.com (github.com)... 20.200.245.247
Connecting to github.com (github.com)|20.200.245.247|:443... connected.
HTTP request sent, awaiting response... 302 Found
Location: https://objects.githubusercontent.com/github-production-release-asset-2e65be/741611980/97265334-7251-417d-99ac-a513587cf03e?X-Amz-Algorithm=AWS4-HMAC-SHA256&X-Amz-Credential=releaseassetproduction%2F20240606%2Fus-east-1%2Fs3%2Faws4_request&X-Amz-Date=20240606T090022Z&X-Amz-Expires=300&X-Amz-Signature=efc400ca75219bbb285818bd361f60734a52f5bd0310cafd610a434a774dcf05&X-Amz-SignedHeaders=host&actor_id=0&key_id=0&repo_id=741611980&response-content-disposition=attachment%3B%20filename%3Dgo2rtc_linux_amd64.tar.gz&response-content-type=application%2Foctet-stream [following]
--2024-06-06 18:00:22--  https://objects.githubusercontent.com/github-production-release-asset-2e65be/741611980/97265334-7251-417d-99ac-a513587cf03e?X-Amz-Algorithm=AWS4-HMAC-SHA256&X-Amz-Credential=releaseassetproduction%2F20240606%2Fus-east-1%2Fs3%2Faws4_request&X-Amz-Date=20240606T090022Z&X-Amz-Expires=300&X-Amz-Signature=efc400ca75219bbb285818bd361f60734a52f5bd0310cafd610a434a774dcf05&X-Amz-SignedHeaders=host&actor_id=0&key_id=0&repo_id=741611980&response-content-disposition=attachment%3B%20filename%3Dgo2rtc_linux_amd64.tar.gz&response-content-type=application%2Foctet-stream
Resolving objects.githubusercontent.com (objects.githubusercontent.com)... 185.199.110.133, 185.199.108.133, 185.199.109.133, ...
Connecting to objects.githubusercontent.com (objects.githubusercontent.com)|185.199.110.133|:443... connected.
HTTP request sent, awaiting response... 200 OK
Length: 5896897 (5.6M) [application/octet-stream]
Saving to: ‘/tmp/go2rtc_linux_amd64.tar.gz’

go2rtc_linux_amd64.tar.gz         100%[===========================================================>]   5.62M  3.96MB/s    in 1.4s

2024-06-06 18:00:24 (3.96 MB/s) - ‘/tmp/go2rtc_linux_amd64.tar.gz’ saved [5896897/5896897]

### Creating /etc/go2rtc.yaml configuration file
### Creating go2rtc systemd service
Created symlink /etc/systemd/system/multi-user.target.wants/go2rtc.service → /etc/systemd/system/go2rtc.service.
### Creating /etc/sudoers.d/020_www-data-systemctl
### Creating /usr/local/bin/capture script
### Creating default Photobooth config.



                    @@@@@@@@@@@@@@@@@@@
                   @@.               .@@
     %@@@@@@.     @@     @@@@@@@@@     @@
    @@@    @@*   @@.                   .@@
  &@@@@@@@@@@@@@@@@@@@@@@@@@@@@@@@@@@@@@@@@@@@@@@@@@@@@@&
@@@%%%%%%%%%%%%%%%%%%%%%%%%%%%%%%%%%%%%%%%%%%%%%%%%%%%%%@@@
@@                                                       @@
@@                     @@@@@@@@@@@@@.        *@@  @@@@@  @@
@@                  @@@@           @@@@                  @@
@@@@@@@@@@@@@@@@@@@@@    #@@@@@@@#    @@@@@@@@@@@@@@@@@@@@@
@@              @@@   @@@@(     (@@@@   @@@              @@
@@             &@@  .@@%           %@@.  @@&             @@
@@             @@   @@               @@   @@             @@
@@            %@@  @@*               /@@  @@%            @@
@@            @@%  @@                 @@  %@@            @@
@@            *@@  @@&               &@@  @@*            @@
@@             @@   @@*             *@@   @@             @@
@@              @@   @@@           @@@   @@              @@
@@%%%%%%%%%%%%%%%@@%   @@@@@&%&@@@@@   %@@%%%%%%%%%%%%%%%@@
@@@@@@@@@@@@@@@@@@@@@@     *&@&*     @@@@@@@@@@@@@@@@@@@@@@
@@                  ,@@@@&       &@@@@,                  @@
@@                      (@@@@@@@@@(                      @@
@@                                                       @@
@@@@@@@@@@@@@@@@@@@@@@@@@@@@@@@@@@@@@@@@@@@@@@@@@@@@@@@@@@@


### Congratulations you finished the install process.
    Photobooth was installed inside:
        /var/www/html

    Used webserver: apache

    Photobooth can be accessed at:
        http://172.31.123.150

    In order to use the print function,
    you'll have to setup your printer inside CUPS:
        http://localhost:631

###
### Have fun with your Photobooth, but first restart your device!